<?xml version="1.0" encoding="UTF-8"?>
<!-- Generated by org.testng.reporters.JUnitXMLReporter -->
<testsuite ignored="2" hostname="LAPTOP-RBIMGVPE" failures="0" tests="1" name="Default test" time="8.385" errors="0" timestamp="2023-10-06T22:23:53 EEST">
  <testcase classname="tests.addToCart_Test" name="checkItemCheckout" time="5.59"/>
  <testcase classname="tests.addToCart_Test" name="checkAddingItemToCart" time="0.0">
    <ignored/>
  </testcase> <!-- checkAddingItemToCart -->
  <testcase classname="tests.addToCart_Test" name="checkRemovingItemFromCart" time="0.0">
    <ignored/>
  </testcase> <!-- checkRemovingItemFromCart -->
</testsuite> <!-- Default test -->
