<?xml version="1.0" encoding="UTF-8"?>
<testng-results ignored="2" total="3" passed="1" failed="0" skipped="0">
  <reporter-output>
  </reporter-output>
  <suite started-at="2023-10-06T22:23:45 EEST" name="Default suite" finished-at="2023-10-06T22:23:53 EEST" duration-ms="8385">
    <groups>
    </groups>
    <test started-at="2023-10-06T22:23:45 EEST" name="Default test" finished-at="2023-10-06T22:23:53 EEST" duration-ms="8385">
      <class name="tests.addToCart_Test">
        <test-method is-config="true" signature="setUp()[pri:0, instance:tests.addToCart_Test@515aebb0]" started-at="2023-10-06T22:23:45 EEST" name="setUp" finished-at="2023-10-06T22:23:47 EEST" duration-ms="2333" status="PASS">
          <reporter-output>
          </reporter-output>
        </test-method> <!-- setUp -->
        <test-method signature="checkItemCheckout()[pri:0, instance:tests.addToCart_Test@515aebb0]" started-at="2023-10-06T22:23:47 EEST" name="checkItemCheckout" finished-at="2023-10-06T22:23:52 EEST" duration-ms="5590" status="PASS">
          <reporter-output>
          </reporter-output>
        </test-method> <!-- checkItemCheckout -->
        <test-method is-config="true" signature="tearDown()[pri:0, instance:tests.addToCart_Test@515aebb0]" started-at="2023-10-06T22:23:52 EEST" name="tearDown" finished-at="2023-10-06T22:23:53 EEST" duration-ms="442" status="PASS">
          <reporter-output>
          </reporter-output>
        </test-method> <!-- tearDown -->
      </class> <!-- tests.addToCart_Test -->
    </test> <!-- Default test -->
  </suite> <!-- Default suite -->
</testng-results>
